Using pre-set license
Built from '2020.3/staging' branch; Version is '2020.3.30f1 (1fb1bf06830e) revision 2077119'; Using compiler version '192528614'; Build Type 'Release'
OS: 'Windows 10  (10.0.19043) 64bit ProfessionalWorkstation' Language: 'en' Physical Memory: 16313 MB
BatchMode: 1, IsHumanControllingUs: 0, StartBugReporterOnCrash: 0, Is64bit: 1, IsPro: 0

COMMAND LINE ARGUMENTS:
C:\Program Files\Unity 2020.3.30f1\Editor\Unity.exe
-adb2
-batchMode
-noUpm
-name
AssetImportWorker0
-projectPath
D:/backup/Vikings vs Corona backups/Vikings vs Corona_8
-logFile
Logs/AssetImportWorker0.log
-srvPort
53299
Successfully changed project path to: D:/backup/Vikings vs Corona backups/Vikings vs Corona_8
D:/backup/Vikings vs Corona backups/Vikings vs Corona_8
Using Asset Import Pipeline V2.
Refreshing native plugins compatible for Editor in 87.48 ms, found 3 plugins.
Preloading 0 native plugins for Editor in 0.00 ms.
Initialize engine version: 2020.3.30f1 (1fb1bf06830e)
[Subsystems] Discovering subsystems at path C:/Program Files/Unity 2020.3.30f1/Editor/Data/Resources/UnitySubsystems
[Subsystems] Discovering subsystems at path D:/backup/Vikings vs Corona backups/Vikings vs Corona_8/Assets
GfxDevice: creating device client; threaded=0
Direct3D:
    Version:  Direct3D 11.0 [level 11.1]
    Renderer: NVIDIA GeForce GTX 1660 Ti (ID=0x2182)
    Vendor:   
    VRAM:     5991 MB
    Driver:   30.0.15.1123
Initialize mono
Mono path[0] = 'C:/Program Files/Unity 2020.3.30f1/Editor/Data/Managed'
Mono path[1] = 'C:/Program Files/Unity 2020.3.30f1/Editor/Data/MonoBleedingEdge/lib/mono/unityjit'
Mono config path = 'C:/Program Files/Unity 2020.3.30f1/Editor/Data/MonoBleedingEdge/etc'
Using monoOptions --debugger-agent=transport=dt_socket,embedding=1,server=y,suspend=n,address=127.0.0.1:56652
Begin MonoManager ReloadAssembly
Registering precompiled unity dll's ...
Register platform support module: C:/Program Files/Unity 2020.3.30f1/Editor/Data/PlaybackEngines/WindowsStandaloneSupport/UnityEditor.WindowsStandalone.Extensions.dll
Registered in 0.002982 seconds.
Native extension for WindowsStandalone target not found
Refreshing native plugins compatible for Editor in 86.41 ms, found 3 plugins.
Preloading 0 native plugins for Editor in 0.00 ms.
Mono: successfully reloaded assembly
- Completed reload, in  0.730 seconds
Domain Reload Profiling:
	ReloadAssembly (731ms)
		BeginReloadAssembly (82ms)
			ExecutionOrderSort (0ms)
			DisableScriptedObjects (0ms)
			BackupInstance (0ms)
			ReleaseScriptingObjects (0ms)
			CreateAndSetChildDomain (1ms)
		EndReloadAssembly (558ms)
			LoadAssemblies (79ms)
			RebuildTransferFunctionScriptingTraits (0ms)
			SetupTypeCache (174ms)
			ReleaseScriptCaches (0ms)
			RebuildScriptCaches (32ms)
			SetupLoadedEditorAssemblies (233ms)
				LogAssemblyErrors (0ms)
				InitializePlatformSupportModulesInManaged (5ms)
				SetLoadedEditorAssemblies (0ms)
				RefreshPlugins (87ms)
				BeforeProcessingInitializeOnLoad (18ms)
				ProcessInitializeOnLoadAttributes (92ms)
				ProcessInitializeOnLoadMethodAttributes (31ms)
				AfterProcessingInitializeOnLoad (0ms)
				EditorAssembliesLoaded (0ms)
			ExecutionOrderSort2 (0ms)
			AwakeInstancesAfterBackupRestoration (0ms)
Platform modules already initialized, skipping
Registering precompiled user dll's ...
Registered in 0.004272 seconds.
Begin MonoManager ReloadAssembly
Native extension for WindowsStandalone target not found
Refreshing native plugins compatible for Editor in 86.30 ms, found 3 plugins.
Preloading 0 native plugins for Editor in 0.00 ms.
Mono: successfully reloaded assembly
- Completed reload, in  1.376 seconds
Domain Reload Profiling:
	ReloadAssembly (1377ms)
		BeginReloadAssembly (182ms)
			ExecutionOrderSort (0ms)
			DisableScriptedObjects (6ms)
			BackupInstance (0ms)
			ReleaseScriptingObjects (0ms)
			CreateAndSetChildDomain (19ms)
		EndReloadAssembly (1117ms)
			LoadAssemblies (123ms)
			RebuildTransferFunctionScriptingTraits (0ms)
			SetupTypeCache (353ms)
			ReleaseScriptCaches (1ms)
			RebuildScriptCaches (59ms)
			SetupLoadedEditorAssemblies (452ms)
				LogAssemblyErrors (0ms)
				InitializePlatformSupportModulesInManaged (4ms)
				SetLoadedEditorAssemblies (0ms)
				RefreshPlugins (86ms)
				BeforeProcessingInitializeOnLoad (96ms)
				ProcessInitializeOnLoadAttributes (236ms)
				ProcessInitializeOnLoadMethodAttributes (19ms)
				AfterProcessingInitializeOnLoad (10ms)
				EditorAssembliesLoaded (0ms)
			ExecutionOrderSort2 (0ms)
			AwakeInstancesAfterBackupRestoration (7ms)
Platform modules already initialized, skipping
========================================================================
Worker process is ready to serve import requests
Launched and connected shader compiler UnityShaderCompiler.exe after 0.05 seconds
Refreshing native plugins compatible for Editor in 0.81 ms, found 3 plugins.
Preloading 0 native plugins for Editor in 0.00 ms.
Unloading 2375 Unused Serialized files (Serialized files now loaded: 0)
System memory in use before: 175.9 MB.
System memory in use after: 176.0 MB.

Unloading 26 unused Assets to reduce memory usage. Loaded Objects now: 2814.
Total: 3.461600 ms (FindLiveObjects: 0.233500 ms CreateObjectMapping: 0.063800 ms MarkObjects: 3.089500 ms  DeleteObjects: 0.073800 ms)

AssetImportParameters requested are different than current active one (requested -> active):
  custom:framework-win-MediaFoundation: 216162199b28c13a410421893ffa2e32 -> 
  custom:video-decoder-ogg-theora: a1e56fd34408186e4bbccfd4996cb3dc -> 
  custom:container-muxer-webm: aa71ff27fc2769a1b78a27578f13a17b -> 
  custom:container-demuxer-webm: 4f35f7cbe854078d1ac9338744f61a02 -> 
  custom:container-demuxer-ogg: 62fdf1f143b41e24485cea50d1cbac27 -> 
  custom:video-encoder-webm-vp8: eb34c28f22e8b96e1ab97ce403110664 -> 
  custom:video-decoder-webm-vp8: 9c59270c3fd7afecdb556c50c9e8de78 -> 
  custom:audio-decoder-ogg-vorbis: bf7c407c2cedff20999df2af8eb42d56 -> 
  custom:audio-encoder-webm-vorbis: bf7c407c2cedff20999df2af8eb42d56 -> 
========================================================================
Received Import Request.
  path: Assets/Tiles/Terrain/_0035_Layer-36.asset
  artifactKey: Guid(2c01a4b704723ad4caf46c6bf06fa9fc) Importer(815301076,1909f56bfc062723c751e8b465ee728b)
Start importing Assets/Tiles/Terrain/_0035_Layer-36.asset using Guid(2c01a4b704723ad4caf46c6bf06fa9fc) Importer(815301076,1909f56bfc062723c751e8b465ee728b)  -> (artifact id: '5844963a36fae735cd069fbc3faade31') in 0.101392 seconds 
========================================================================
Received Import Request.
  Time since last request: 0.000302 seconds.
  path: Assets/Tiles/Terrain/_0038_Layer-39.asset
  artifactKey: Guid(f535768a30334be4eb43072b71e1aea2) Importer(815301076,1909f56bfc062723c751e8b465ee728b)
Start importing Assets/Tiles/Terrain/_0038_Layer-39.asset using Guid(f535768a30334be4eb43072b71e1aea2) Importer(815301076,1909f56bfc062723c751e8b465ee728b)  -> (artifact id: 'dbb5d44c140f6c48679d3628521ba8a4') in 0.020009 seconds 
========================================================================
Received Import Request.
  Time since last request: 0.000196 seconds.
  path: Assets/Tiles/Terrain/_0031_Layer-32.asset
  artifactKey: Guid(6068fcb2ef4fc864784650dcf8049ada) Importer(815301076,1909f56bfc062723c751e8b465ee728b)
Start importing Assets/Tiles/Terrain/_0031_Layer-32.asset using Guid(6068fcb2ef4fc864784650dcf8049ada) Importer(815301076,1909f56bfc062723c751e8b465ee728b)  -> (artifact id: '03ad6690888151cfe79cfdb487449246') in 0.024098 seconds 
========================================================================
Received Import Request.
  Time since last request: 0.000185 seconds.
  path: Assets/Tiles/Terrain/_0018_Layer-19.asset
  artifactKey: Guid(7b565c9a4cb056a409d69b7932cb054f) Importer(815301076,1909f56bfc062723c751e8b465ee728b)
Start importing Assets/Tiles/Terrain/_0018_Layer-19.asset using Guid(7b565c9a4cb056a409d69b7932cb054f) Importer(815301076,1909f56bfc062723c751e8b465ee728b)  -> (artifact id: '4c0d9dd78bbabfbd24dc89407b429198') in 0.029216 seconds 
========================================================================
Received Import Request.
  Time since last request: 0.000250 seconds.
  path: Assets/Tiles/Terrain/_0024_Layer-25.asset
  artifactKey: Guid(e4ec6e1c91d1a2a468bd93e974d7f79a) Importer(815301076,1909f56bfc062723c751e8b465ee728b)
Start importing Assets/Tiles/Terrain/_0024_Layer-25.asset using Guid(e4ec6e1c91d1a2a468bd93e974d7f79a) Importer(815301076,1909f56bfc062723c751e8b465ee728b)  -> (artifact id: '57aae94567a543acb79bfabf351f98d2') in 0.017860 seconds 
========================================================================
Received Import Request.
  Time since last request: 0.000227 seconds.
  path: Assets/Tiles/Terrain/_0008_Layer-10.asset
  artifactKey: Guid(352fb1b08d07d2f488d3f7b197acb222) Importer(815301076,1909f56bfc062723c751e8b465ee728b)
Start importing Assets/Tiles/Terrain/_0008_Layer-10.asset using Guid(352fb1b08d07d2f488d3f7b197acb222) Importer(815301076,1909f56bfc062723c751e8b465ee728b)  -> (artifact id: '6c986cc541cb222a6d5465b9fa82a83d') in 0.019785 seconds 
========================================================================
Received Import Request.
  Time since last request: 0.000230 seconds.
  path: Assets/Tiles/Terrain/_0019_Layer-21.asset
  artifactKey: Guid(2088a64fa91ad874aa453db19dc535ed) Importer(815301076,1909f56bfc062723c751e8b465ee728b)
Start importing Assets/Tiles/Terrain/_0019_Layer-21.asset using Guid(2088a64fa91ad874aa453db19dc535ed) Importer(815301076,1909f56bfc062723c751e8b465ee728b)  -> (artifact id: '1c54abbd49f46ab5a64fddb62341272c') in 0.009484 seconds 
========================================================================
Received Import Request.
  Time since last request: 0.000247 seconds.
  path: Assets/Tiles/Terrain/_0026_Layer-27.asset
  artifactKey: Guid(e3157d25c03126845b3cd8e38ff531cf) Importer(815301076,1909f56bfc062723c751e8b465ee728b)
Start importing Assets/Tiles/Terrain/_0026_Layer-27.asset using Guid(e3157d25c03126845b3cd8e38ff531cf) Importer(815301076,1909f56bfc062723c751e8b465ee728b)  -> (artifact id: '7c0e5cceb39ef2eada77e62343919c94') in 0.027087 seconds 
========================================================================
Received Import Request.
  Time since last request: 0.000241 seconds.
  path: Assets/Tiles/Terrain/_0005_Layer-8.asset
  artifactKey: Guid(a15b6f00f90d7bc44ad061c0d467c953) Importer(815301076,1909f56bfc062723c751e8b465ee728b)
Start importing Assets/Tiles/Terrain/_0005_Layer-8.asset using Guid(a15b6f00f90d7bc44ad061c0d467c953) Importer(815301076,1909f56bfc062723c751e8b465ee728b)  -> (artifact id: '9766985c17c686f7f961bf816fa1474c') in 0.030149 seconds 
========================================================================
Received Import Request.
  Time since last request: 0.000240 seconds.
  path: Assets/Tiles/Terrain/_0004_Layer-5.asset
  artifactKey: Guid(8936e11ec912c6a49974064e7fa5781a) Importer(815301076,1909f56bfc062723c751e8b465ee728b)
Start importing Assets/Tiles/Terrain/_0004_Layer-5.asset using Guid(8936e11ec912c6a49974064e7fa5781a) Importer(815301076,1909f56bfc062723c751e8b465ee728b)  -> (artifact id: '9d0d5461c65022bc545533880d6048c1') in 0.008759 seconds 
========================================================================
Received Import Request.
  Time since last request: 0.000419 seconds.
  path: Assets/Tiles/Terrain/_0000_Layer-1 (2).asset
  artifactKey: Guid(38282ed7294530b498edc9da58d6b0de) Importer(815301076,1909f56bfc062723c751e8b465ee728b)
Start importing Assets/Tiles/Terrain/_0000_Layer-1 (2).asset using Guid(38282ed7294530b498edc9da58d6b0de) Importer(815301076,1909f56bfc062723c751e8b465ee728b)  -> (artifact id: '84b004167c8b72959eb83e3c5ea498b2') in 0.024590 seconds 
========================================================================
Received Import Request.
  Time since last request: 0.000217 seconds.
  path: Assets/Tiles/Terrain/_0019_Layer-20.asset
  artifactKey: Guid(8ff3251418efd4b46adb54fbf4b34ddd) Importer(815301076,1909f56bfc062723c751e8b465ee728b)
Start importing Assets/Tiles/Terrain/_0019_Layer-20.asset using Guid(8ff3251418efd4b46adb54fbf4b34ddd) Importer(815301076,1909f56bfc062723c751e8b465ee728b)  -> (artifact id: '24d4b88d751fe77a7c9ab508f8fe0eff') in 0.009255 seconds 
========================================================================
Received Import Request.
  Time since last request: 0.000293 seconds.
  path: Assets/Tiles/Terrain/_0018_Layer-20.asset
  artifactKey: Guid(609bad4a2fd8abc42a3492439decdabb) Importer(815301076,1909f56bfc062723c751e8b465ee728b)
Start importing Assets/Tiles/Terrain/_0018_Layer-20.asset using Guid(609bad4a2fd8abc42a3492439decdabb) Importer(815301076,1909f56bfc062723c751e8b465ee728b)  -> (artifact id: '124696c2ce3a02070a351039ce9de875') in 0.022043 seconds 
========================================================================
Received Import Request.
  Time since last request: 0.000232 seconds.
  path: Assets/Tiles/Terrain/_0009_Layer-10.asset
  artifactKey: Guid(f3885baff6c6f2341ae7550373ff9fbb) Importer(815301076,1909f56bfc062723c751e8b465ee728b)
Start importing Assets/Tiles/Terrain/_0009_Layer-10.asset using Guid(f3885baff6c6f2341ae7550373ff9fbb) Importer(815301076,1909f56bfc062723c751e8b465ee728b)  -> (artifact id: '4358efce2c23eb4e7ef564104fa9509d') in 0.009860 seconds 
========================================================================
Received Import Request.
  Time since last request: 0.000276 seconds.
  path: Assets/Tiles/Terrain/_0033_Layer-34.asset
  artifactKey: Guid(258cffe510334f04186afc007f8fb07d) Importer(815301076,1909f56bfc062723c751e8b465ee728b)
Start importing Assets/Tiles/Terrain/_0033_Layer-34.asset using Guid(258cffe510334f04186afc007f8fb07d) Importer(815301076,1909f56bfc062723c751e8b465ee728b)  -> (artifact id: 'b810ded38fccba8d345b216da2d85139') in 0.013960 seconds 
========================================================================
Received Import Request.
  Time since last request: 0.000211 seconds.
  path: Assets/Tiles/Terrain/_0021_Layer-22.asset
  artifactKey: Guid(d13680deba97d67498fe8cc74133ec57) Importer(815301076,1909f56bfc062723c751e8b465ee728b)
Start importing Assets/Tiles/Terrain/_0021_Layer-22.asset using Guid(d13680deba97d67498fe8cc74133ec57) Importer(815301076,1909f56bfc062723c751e8b465ee728b)  -> (artifact id: '9aaa0e7492d0dc9c3529113f61908f9c') in 0.014806 seconds 
========================================================================
Received Import Request.
  Time since last request: 0.000211 seconds.
  path: Assets/Tiles/Terrain/_0013_Layer-15.asset
  artifactKey: Guid(30a5c64448d5a1b4099e0a37251c2c0d) Importer(815301076,1909f56bfc062723c751e8b465ee728b)
Start importing Assets/Tiles/Terrain/_0013_Layer-15.asset using Guid(30a5c64448d5a1b4099e0a37251c2c0d) Importer(815301076,1909f56bfc062723c751e8b465ee728b)  -> (artifact id: '608afb5522e2fd470041e1fb28dae1ad') in 0.016235 seconds 
========================================================================
Received Import Request.
  Time since last request: 0.000301 seconds.
  path: Assets/Tiles/Terrain/_0006_Layer-7.asset
  artifactKey: Guid(ea81ed187dfe8b244928e84cdaa318d8) Importer(815301076,1909f56bfc062723c751e8b465ee728b)
Start importing Assets/Tiles/Terrain/_0006_Layer-7.asset using Guid(ea81ed187dfe8b244928e84cdaa318d8) Importer(815301076,1909f56bfc062723c751e8b465ee728b)  -> (artifact id: '808dfccc9c545840b11cca1b832c9ae3') in 0.010097 seconds 
========================================================================
Received Import Request.
  Time since last request: 0.000224 seconds.
  path: Assets/Tiles/Terrain/_0000_Layer-2.asset
  artifactKey: Guid(b241f4a1c253dd34d985c5fdcf2bb628) Importer(815301076,1909f56bfc062723c751e8b465ee728b)
Start importing Assets/Tiles/Terrain/_0000_Layer-2.asset using Guid(b241f4a1c253dd34d985c5fdcf2bb628) Importer(815301076,1909f56bfc062723c751e8b465ee728b)  -> (artifact id: '8808a451323aa90fc6029c0149e017c9') in 0.010084 seconds 
========================================================================
Received Import Request.
  Time since last request: 0.000334 seconds.
  path: Assets/Tiles/Terrain/_0011_Layer-13.asset
  artifactKey: Guid(29fce6dd4e4a86e429437c84060e0c9d) Importer(815301076,1909f56bfc062723c751e8b465ee728b)
Start importing Assets/Tiles/Terrain/_0011_Layer-13.asset using Guid(29fce6dd4e4a86e429437c84060e0c9d) Importer(815301076,1909f56bfc062723c751e8b465ee728b)  -> (artifact id: '2502e96ed811464f44d6cfb690b43c4e') in 0.023089 seconds 
========================================================================
Received Import Request.
  Time since last request: 0.000193 seconds.
  path: Assets/Tiles/Terrain/_0022_Layer-0.asset
  artifactKey: Guid(57ec250fa5a51f74499fc98dc5585060) Importer(815301076,1909f56bfc062723c751e8b465ee728b)
Start importing Assets/Tiles/Terrain/_0022_Layer-0.asset using Guid(57ec250fa5a51f74499fc98dc5585060) Importer(815301076,1909f56bfc062723c751e8b465ee728b)  -> (artifact id: '8fdd0b8b54b65c1034f1759c041dcdee') in 0.022670 seconds 
========================================================================
Received Import Request.
  Time since last request: 0.000198 seconds.
  path: Assets/Tiles/Terrain/_0005_Layer-6.asset
  artifactKey: Guid(589b3812d7382d04399c033f4581bf0c) Importer(815301076,1909f56bfc062723c751e8b465ee728b)
Start importing Assets/Tiles/Terrain/_0005_Layer-6.asset using Guid(589b3812d7382d04399c033f4581bf0c) Importer(815301076,1909f56bfc062723c751e8b465ee728b)  -> (artifact id: '2524c9599a410c505939db853e569f9f') in 0.007484 seconds 
========================================================================
Received Import Request.
  Time since last request: 0.000305 seconds.
  path: Assets/Tiles/Terrain/_0012_Layer-13.asset
  artifactKey: Guid(a8b94706f21fc3d4692ac9636f5211b6) Importer(815301076,1909f56bfc062723c751e8b465ee728b)
Start importing Assets/Tiles/Terrain/_0012_Layer-13.asset using Guid(a8b94706f21fc3d4692ac9636f5211b6) Importer(815301076,1909f56bfc062723c751e8b465ee728b)  -> (artifact id: 'f9a54f09fc8e17b67c9ec33c21e48236') in 0.036003 seconds 
========================================================================
Received Import Request.
  Time since last request: 0.000193 seconds.
  path: Assets/Tiles/Terrain/_0036_Layer-37.asset
  artifactKey: Guid(e72547614f3133b43a2414b4fc58c1b1) Importer(815301076,1909f56bfc062723c751e8b465ee728b)
Start importing Assets/Tiles/Terrain/_0036_Layer-37.asset using Guid(e72547614f3133b43a2414b4fc58c1b1) Importer(815301076,1909f56bfc062723c751e8b465ee728b)  -> (artifact id: '0faafc7e467866c34d4cbc37095bf9fb') in 0.007354 seconds 
========================================================================
Received Import Request.
  Time since last request: 0.000296 seconds.
  path: Assets/Tiles/Terrain
  artifactKey: Guid(629ef38a6e5c83f488b1ace128b58295) Importer(815301076,1909f56bfc062723c751e8b465ee728b)
Start importing Assets/Tiles/Terrain using Guid(629ef38a6e5c83f488b1ace128b58295) Importer(815301076,1909f56bfc062723c751e8b465ee728b)  -> (artifact id: '258799ee10d4e7cfac1447b05ba0333a') in 0.010004 seconds 
========================================================================
Received Import Request.
  Time since last request: 0.000226 seconds.
  path: Assets/Tiles/Terrain/_0020_Layer-22.asset
  artifactKey: Guid(7f01157f76e2e70469051b9f79f68e48) Importer(815301076,1909f56bfc062723c751e8b465ee728b)
Start importing Assets/Tiles/Terrain/_0020_Layer-22.asset using Guid(7f01157f76e2e70469051b9f79f68e48) Importer(815301076,1909f56bfc062723c751e8b465ee728b)  -> (artifact id: '3109c9e94f997b1c4f08c2ce0f39c3a4') in 0.020049 seconds 
========================================================================
Received Import Request.
  Time since last request: 0.000202 seconds.
  path: Assets/Tiles/Terrain/_0030_Layer-31.asset
  artifactKey: Guid(40507103682cc7248967793f4d1c211c) Importer(815301076,1909f56bfc062723c751e8b465ee728b)
Start importing Assets/Tiles/Terrain/_0030_Layer-31.asset using Guid(40507103682cc7248967793f4d1c211c) Importer(815301076,1909f56bfc062723c751e8b465ee728b)  -> (artifact id: 'ba1ce1bf52403cb838132d35fa865292') in 0.047060 seconds 
========================================================================
Received Import Request.
  Time since last request: 0.000210 seconds.
  path: Assets/Tiles/Terrain/_0005_Layer-7.asset
  artifactKey: Guid(96c0f13259e026e48bd8f83e599eb2c5) Importer(815301076,1909f56bfc062723c751e8b465ee728b)
Start importing Assets/Tiles/Terrain/_0005_Layer-7.asset using Guid(96c0f13259e026e48bd8f83e599eb2c5) Importer(815301076,1909f56bfc062723c751e8b465ee728b)  -> (artifact id: '5e5ebba20fb2a0158fead08573b5aaa0') in 0.017446 seconds 
========================================================================
Received Import Request.
  Time since last request: 0.000214 seconds.
  path: Assets/Tiles/Terrain/_0004_Layer-6.asset
  artifactKey: Guid(b2543ce5ae5933d438c1c7d45285d71d) Importer(815301076,1909f56bfc062723c751e8b465ee728b)
Start importing Assets/Tiles/Terrain/_0004_Layer-6.asset using Guid(b2543ce5ae5933d438c1c7d45285d71d) Importer(815301076,1909f56bfc062723c751e8b465ee728b)  -> (artifact id: 'b3cd2317530aca4f36fe66f0ea540672') in 0.008190 seconds 
========================================================================
Received Import Request.
  Time since last request: 0.000285 seconds.
  path: Assets/Tiles/Terrain/_0029_Layer-30.asset
  artifactKey: Guid(4386e1eacc80d704fa5f458510edd0f5) Importer(815301076,1909f56bfc062723c751e8b465ee728b)
Start importing Assets/Tiles/Terrain/_0029_Layer-30.asset using Guid(4386e1eacc80d704fa5f458510edd0f5) Importer(815301076,1909f56bfc062723c751e8b465ee728b)  -> (artifact id: 'e10e23a7a388047b8ac7e391d2c3c273') in 0.028530 seconds 
========================================================================
Received Import Request.
  Time since last request: 0.000206 seconds.
  path: Assets/Tiles/Terrain/_0025_Layer-26.asset
  artifactKey: Guid(1f0fe79fc0b106241b07b9c045db96fc) Importer(815301076,1909f56bfc062723c751e8b465ee728b)
Start importing Assets/Tiles/Terrain/_0025_Layer-26.asset using Guid(1f0fe79fc0b106241b07b9c045db96fc) Importer(815301076,1909f56bfc062723c751e8b465ee728b)  -> (artifact id: 'da8750b426664f8e96343b3f87c65bb1') in 0.022586 seconds 
========================================================================
Received Import Request.
  Time since last request: 0.000283 seconds.
  path: Assets/Tiles/Terrain/_0000_Layer-1.asset
  artifactKey: Guid(8064fa03f8823a24a9fc6d9c51e0718e) Importer(815301076,1909f56bfc062723c751e8b465ee728b)
Start importing Assets/Tiles/Terrain/_0000_Layer-1.asset using Guid(8064fa03f8823a24a9fc6d9c51e0718e) Importer(815301076,1909f56bfc062723c751e8b465ee728b)  -> (artifact id: '52e9c830d8bfb48a09f33dd10aa1b263') in 0.010496 seconds 
========================================================================
Received Import Request.
  Time since last request: 0.000249 seconds.
  path: Assets/Tiles/Terrain/_0002_Layer-3.asset
  artifactKey: Guid(c1706ad7af3077a4eba9b2309ca239d8) Importer(815301076,1909f56bfc062723c751e8b465ee728b)
Start importing Assets/Tiles/Terrain/_0002_Layer-3.asset using Guid(c1706ad7af3077a4eba9b2309ca239d8) Importer(815301076,1909f56bfc062723c751e8b465ee728b)  -> (artifact id: '1af60094b020fa4e8e261e37bfc0242c') in 0.008373 seconds 
========================================================================
Received Import Request.
  Time since last request: 0.000286 seconds.
  path: Assets/Tiles/Terrain/_0022_Layer-23.asset
  artifactKey: Guid(6497ebe25af91554fb337d21b6832e4e) Importer(815301076,1909f56bfc062723c751e8b465ee728b)
Start importing Assets/Tiles/Terrain/_0022_Layer-23.asset using Guid(6497ebe25af91554fb337d21b6832e4e) Importer(815301076,1909f56bfc062723c751e8b465ee728b)  -> (artifact id: '2bd0706a2d1adb2e6c6c11347294738c') in 0.029589 seconds 
========================================================================
Received Import Request.
  Time since last request: 0.000226 seconds.
  path: Assets/Tiles/Terrain/_0001_Layer-2.asset
  artifactKey: Guid(6607f66ce9d45e848982d13ea770378f) Importer(815301076,1909f56bfc062723c751e8b465ee728b)
Start importing Assets/Tiles/Terrain/_0001_Layer-2.asset using Guid(6607f66ce9d45e848982d13ea770378f) Importer(815301076,1909f56bfc062723c751e8b465ee728b)  -> (artifact id: '6b6d3826b7119a63907ee804c2f0873f') in 0.014028 seconds 
========================================================================
Received Import Request.
  Time since last request: 0.000207 seconds.
  path: Assets/Tiles/Terrain/_0014_Layer-16.asset
  artifactKey: Guid(2b24f2cc643ec88449edaf9f6278d07e) Importer(815301076,1909f56bfc062723c751e8b465ee728b)
Start importing Assets/Tiles/Terrain/_0014_Layer-16.asset using Guid(2b24f2cc643ec88449edaf9f6278d07e) Importer(815301076,1909f56bfc062723c751e8b465ee728b)  -> (artifact id: '3bab55110e0b91abdb232cc18e4cf071') in 0.011646 seconds 
========================================================================
Received Import Request.
  Time since last request: 0.000291 seconds.
  path: Assets/Tiles/Terrain/_0004_Layer-7.asset
  artifactKey: Guid(050e3a5391be9cd40a90ee199961fefa) Importer(815301076,1909f56bfc062723c751e8b465ee728b)
Start importing Assets/Tiles/Terrain/_0004_Layer-7.asset using Guid(050e3a5391be9cd40a90ee199961fefa) Importer(815301076,1909f56bfc062723c751e8b465ee728b)  -> (artifact id: 'f1d0b33fb83970196302de3a4da36c50') in 0.027328 seconds 
========================================================================
Received Import Request.
  Time since last request: 0.000207 seconds.
  path: Assets/Tiles/Terrain/_0009_Layer-11.asset
  artifactKey: Guid(b82c8dfab55206e4186d486ba5dd4993) Importer(815301076,1909f56bfc062723c751e8b465ee728b)
Start importing Assets/Tiles/Terrain/_0009_Layer-11.asset using Guid(b82c8dfab55206e4186d486ba5dd4993) Importer(815301076,1909f56bfc062723c751e8b465ee728b)  -> (artifact id: '02a2ebbcd7af446617116ef38c413610') in 0.007648 seconds 
========================================================================
Received Import Request.
  Time since last request: 0.000262 seconds.
  path: Assets/Tiles/Terrain/_0017_Layer-18.asset
  artifactKey: Guid(1a861de8ab1cebb49991bac59f10b646) Importer(815301076,1909f56bfc062723c751e8b465ee728b)
Start importing Assets/Tiles/Terrain/_0017_Layer-18.asset using Guid(1a861de8ab1cebb49991bac59f10b646) Importer(815301076,1909f56bfc062723c751e8b465ee728b)  -> (artifact id: 'd857f97c8ea6fcc8a5b10a552e439d5c') in 0.008800 seconds 
========================================================================
Received Import Request.
  Time since last request: 0.000252 seconds.
  path: Assets/Tiles/Terrain/_0001_Layer-2 (2).asset
  artifactKey: Guid(aa6689524a74b424ba445b13dcc3d753) Importer(815301076,1909f56bfc062723c751e8b465ee728b)
Start importing Assets/Tiles/Terrain/_0001_Layer-2 (2).asset using Guid(aa6689524a74b424ba445b13dcc3d753) Importer(815301076,1909f56bfc062723c751e8b465ee728b)  -> (artifact id: 'a7c6932a526ac4dc13ffcf802a24ab45') in 0.008686 seconds 
========================================================================
Received Import Request.
  Time since last request: 0.000323 seconds.
  path: Assets/Tiles/Terrain/_0007_Layer-9.asset
  artifactKey: Guid(df3d75a020a248f46af7e3abf583e199) Importer(815301076,1909f56bfc062723c751e8b465ee728b)
Start importing Assets/Tiles/Terrain/_0007_Layer-9.asset using Guid(df3d75a020a248f46af7e3abf583e199) Importer(815301076,1909f56bfc062723c751e8b465ee728b)  -> (artifact id: 'a3daf15003d44623fbe512a10c6456e2') in 0.035455 seconds 
========================================================================
Received Import Request.
  Time since last request: 0.000219 seconds.
  path: Assets/Tiles/Terrain/_0015_Layer-17.asset
  artifactKey: Guid(7b556980698396a4c9c54a26693467c4) Importer(815301076,1909f56bfc062723c751e8b465ee728b)
Start importing Assets/Tiles/Terrain/_0015_Layer-17.asset using Guid(7b556980698396a4c9c54a26693467c4) Importer(815301076,1909f56bfc062723c751e8b465ee728b)  -> (artifact id: '2eb184a5f1cc5702ba5b4eff2156f863') in 0.021156 seconds 
========================================================================
Received Import Request.
  Time since last request: 0.000208 seconds.
  path: Assets/Tiles/Terrain/_0002_Layer-4.asset
  artifactKey: Guid(44f598f2e14d189458f2a38e7c2e25db) Importer(815301076,1909f56bfc062723c751e8b465ee728b)
Start importing Assets/Tiles/Terrain/_0002_Layer-4.asset using Guid(44f598f2e14d189458f2a38e7c2e25db) Importer(815301076,1909f56bfc062723c751e8b465ee728b)  -> (artifact id: '14bb512e15fd6d10069bad3977c1ace1') in 0.012623 seconds 
========================================================================
Received Import Request.
  Time since last request: 0.000248 seconds.
  path: Assets/Tiles/Terrain/_0007_Layer-8.asset
  artifactKey: Guid(be845945bbda0ae4eaf8de60d7d6170b) Importer(815301076,1909f56bfc062723c751e8b465ee728b)
Start importing Assets/Tiles/Terrain/_0007_Layer-8.asset using Guid(be845945bbda0ae4eaf8de60d7d6170b) Importer(815301076,1909f56bfc062723c751e8b465ee728b)  -> (artifact id: '3df38e3b615e3a008966ada381e56050') in 0.014944 seconds 
========================================================================
Received Import Request.
  Time since last request: 0.000245 seconds.
  path: Assets/Tiles/Terrain/_0012_Layer-14.asset
  artifactKey: Guid(bab69ca383ba58540909a2331f3116e6) Importer(815301076,1909f56bfc062723c751e8b465ee728b)
Start importing Assets/Tiles/Terrain/_0012_Layer-14.asset using Guid(bab69ca383ba58540909a2331f3116e6) Importer(815301076,1909f56bfc062723c751e8b465ee728b)  -> (artifact id: 'cab821264c1ac2092b9185f9fb66ba0e') in 0.018903 seconds 
========================================================================
Received Import Request.
  Time since last request: 0.000208 seconds.
  path: Assets/Tiles/Terrain/_0003_Layer-4.asset
  artifactKey: Guid(54f72b6857f9e3b4bb3950c98a62f297) Importer(815301076,1909f56bfc062723c751e8b465ee728b)
Start importing Assets/Tiles/Terrain/_0003_Layer-4.asset using Guid(54f72b6857f9e3b4bb3950c98a62f297) Importer(815301076,1909f56bfc062723c751e8b465ee728b)  -> (artifact id: '42e780c694fd6bd845099fdd5e02cadc') in 0.009598 seconds 
========================================================================
Received Import Request.
  Time since last request: 0.000288 seconds.
  path: Assets/Tiles/Terrain/_0003_Layer-6.asset
  artifactKey: Guid(837bbca0d45f8ab4cbe157316d6ca655) Importer(815301076,1909f56bfc062723c751e8b465ee728b)
Start importing Assets/Tiles/Terrain/_0003_Layer-6.asset using Guid(837bbca0d45f8ab4cbe157316d6ca655) Importer(815301076,1909f56bfc062723c751e8b465ee728b)  -> (artifact id: '6ac44b01ab75f52e3cedd3be4fc42665') in 0.029346 seconds 
========================================================================
Received Import Request.
  Time since last request: 0.000220 seconds.
  path: Assets/Tiles/Terrain/_0032_Layer-33.asset
  artifactKey: Guid(88190a374bf4d5948be79b47526eb168) Importer(815301076,1909f56bfc062723c751e8b465ee728b)
Start importing Assets/Tiles/Terrain/_0032_Layer-33.asset using Guid(88190a374bf4d5948be79b47526eb168) Importer(815301076,1909f56bfc062723c751e8b465ee728b)  -> (artifact id: 'f5e6dff589c900ea455e564ebf636bb3') in 0.032072 seconds 
========================================================================
Received Import Request.
  Time since last request: 0.000199 seconds.
  path: Assets/Tiles/Terrain/_0013_Layer-14.asset
  artifactKey: Guid(29ba189e29011454ba5cace30a92b306) Importer(815301076,1909f56bfc062723c751e8b465ee728b)
Start importing Assets/Tiles/Terrain/_0013_Layer-14.asset using Guid(29ba189e29011454ba5cace30a92b306) Importer(815301076,1909f56bfc062723c751e8b465ee728b)  -> (artifact id: 'e10c055621e3cfe87a273c679c29e12b') in 0.019294 seconds 
========================================================================
Received Import Request.
  Time since last request: 0.000216 seconds.
  path: Assets/Tiles/Terrain/_0034_Layer-35.asset
  artifactKey: Guid(2ce79654a6d970141a1af0e8ebb66a99) Importer(815301076,1909f56bfc062723c751e8b465ee728b)
Start importing Assets/Tiles/Terrain/_0034_Layer-35.asset using Guid(2ce79654a6d970141a1af0e8ebb66a99) Importer(815301076,1909f56bfc062723c751e8b465ee728b)  -> (artifact id: '676b42d588aa8f8e13394804d9c3a269') in 0.008264 seconds 
========================================================================
Received Import Request.
  Time since last request: 0.000369 seconds.
  path: Assets/Tiles/Terrain/_0001_Layer-3.asset
  artifactKey: Guid(efc416a5f92a6214bab24119e05afd81) Importer(815301076,1909f56bfc062723c751e8b465ee728b)
Start importing Assets/Tiles/Terrain/_0001_Layer-3.asset using Guid(efc416a5f92a6214bab24119e05afd81) Importer(815301076,1909f56bfc062723c751e8b465ee728b)  -> (artifact id: 'fb93a548871181dd4367af8a6fc05d8a') in 0.008048 seconds 
========================================================================
Received Import Request.
  Time since last request: 0.000318 seconds.
  path: Assets/Tiles/Terrain/_0027_Layer-28.asset
  artifactKey: Guid(b0d40f150af015344b73ad7829ec1607) Importer(815301076,1909f56bfc062723c751e8b465ee728b)
Start importing Assets/Tiles/Terrain/_0027_Layer-28.asset using Guid(b0d40f150af015344b73ad7829ec1607) Importer(815301076,1909f56bfc062723c751e8b465ee728b)  -> (artifact id: '0ff37799a4310bc6b3eb2a8cb08f29bc') in 0.007840 seconds 
========================================================================
Received Import Request.
  Time since last request: 0.000254 seconds.
  path: Assets/Tiles/Terrain/_0006_Layer-8.asset
  artifactKey: Guid(7d3942fe34c83d54da84bf18f783a025) Importer(815301076,1909f56bfc062723c751e8b465ee728b)
Start importing Assets/Tiles/Terrain/_0006_Layer-8.asset using Guid(7d3942fe34c83d54da84bf18f783a025) Importer(815301076,1909f56bfc062723c751e8b465ee728b)  -> (artifact id: '0fa10c337eee1de70266803e1bac4ad3') in 0.019036 seconds 
========================================================================
Received Import Request.
  Time since last request: 0.000196 seconds.
  path: Assets/Tiles/Terrain/_0016_Layer-18.asset
  artifactKey: Guid(3ade93aaaa0bd0f44b6b2eeb712930ac) Importer(815301076,1909f56bfc062723c751e8b465ee728b)
Start importing Assets/Tiles/Terrain/_0016_Layer-18.asset using Guid(3ade93aaaa0bd0f44b6b2eeb712930ac) Importer(815301076,1909f56bfc062723c751e8b465ee728b)  -> (artifact id: '88e4b66feb628fcb9a7df9166f5369f5') in 0.009085 seconds 
========================================================================
Received Import Request.
  Time since last request: 0.000312 seconds.
  path: Assets/Tiles/Terrain/_0020_Layer-21.asset
  artifactKey: Guid(6d10698e23717e34bb2b5ed3b6846152) Importer(815301076,1909f56bfc062723c751e8b465ee728b)
Start importing Assets/Tiles/Terrain/_0020_Layer-21.asset using Guid(6d10698e23717e34bb2b5ed3b6846152) Importer(815301076,1909f56bfc062723c751e8b465ee728b)  -> (artifact id: '7d3b877cff1b0f77d9d99fe7508e715b') in 0.008374 seconds 
========================================================================
Received Import Request.
  Time since last request: 0.000344 seconds.
  path: Assets/Tiles/Terrain/_0017_Layer-19.asset
  artifactKey: Guid(51728477a3e51bd4f8f6aa6bbb863387) Importer(815301076,1909f56bfc062723c751e8b465ee728b)
Start importing Assets/Tiles/Terrain/_0017_Layer-19.asset using Guid(51728477a3e51bd4f8f6aa6bbb863387) Importer(815301076,1909f56bfc062723c751e8b465ee728b)  -> (artifact id: 'b7795817139486b37c15713af993db91') in 0.009953 seconds 
========================================================================
Received Import Request.
  Time since last request: 0.000275 seconds.
  path: Assets/Tiles/Terrain/_0016_Layer-17.asset
  artifactKey: Guid(c07b07aeb7d9b8d41a8dcf8bacd3c593) Importer(815301076,1909f56bfc062723c751e8b465ee728b)
Start importing Assets/Tiles/Terrain/_0016_Layer-17.asset using Guid(c07b07aeb7d9b8d41a8dcf8bacd3c593) Importer(815301076,1909f56bfc062723c751e8b465ee728b)  -> (artifact id: 'dafcd14e427c8ab240b64b711903431e') in 0.011002 seconds 
========================================================================
Received Import Request.
  Time since last request: 0.000195 seconds.
  path: Assets/Tiles/Terrain/_0028_Layer-29.asset
  artifactKey: Guid(f4ea2c1e7fc948d4899025b63b67ff7f) Importer(815301076,1909f56bfc062723c751e8b465ee728b)
Start importing Assets/Tiles/Terrain/_0028_Layer-29.asset using Guid(f4ea2c1e7fc948d4899025b63b67ff7f) Importer(815301076,1909f56bfc062723c751e8b465ee728b)  -> (artifact id: '68a41d556144dc1903a967a69b76b3c9') in 0.026947 seconds 
========================================================================
Received Import Request.
  Time since last request: 0.000216 seconds.
  path: Assets/Tiles/Terrain/_0023_Layer-24.asset
  artifactKey: Guid(36a75ba7b5ca1fb438fcaf106bc747e4) Importer(815301076,1909f56bfc062723c751e8b465ee728b)
Start importing Assets/Tiles/Terrain/_0023_Layer-24.asset using Guid(36a75ba7b5ca1fb438fcaf106bc747e4) Importer(815301076,1909f56bfc062723c751e8b465ee728b)  -> (artifact id: 'bab3b234148757a65cba65b6555302c9') in 0.008807 seconds 
========================================================================
Received Import Request.
  Time since last request: 0.000412 seconds.
  path: Assets/Tiles/Terrain/_0015_Layer-16.asset
  artifactKey: Guid(05bc472ac6a89b34b95f15166dc08f0b) Importer(815301076,1909f56bfc062723c751e8b465ee728b)
Start importing Assets/Tiles/Terrain/_0015_Layer-16.asset using Guid(05bc472ac6a89b34b95f15166dc08f0b) Importer(815301076,1909f56bfc062723c751e8b465ee728b)  -> (artifact id: 'e5890a0f6854f48aa8a262b3119a9f49') in 0.008861 seconds 
========================================================================
Received Import Request.
  Time since last request: 0.000270 seconds.
  path: Assets/Tiles/Terrain/_0011_Layer-12.asset
  artifactKey: Guid(6bce35304f58af548958a21ae390fa15) Importer(815301076,1909f56bfc062723c751e8b465ee728b)
Start importing Assets/Tiles/Terrain/_0011_Layer-12.asset using Guid(6bce35304f58af548958a21ae390fa15) Importer(815301076,1909f56bfc062723c751e8b465ee728b)  -> (artifact id: '396f974ce4bc3c349783db5cf1fb9540') in 0.008280 seconds 
========================================================================
Received Import Request.
  Time since last request: 0.000293 seconds.
  path: Assets/Tiles/Terrain/_0010_Layer-11.asset
  artifactKey: Guid(40234228552d55d48943263dbbb1bc16) Importer(815301076,1909f56bfc062723c751e8b465ee728b)
Start importing Assets/Tiles/Terrain/_0010_Layer-11.asset using Guid(40234228552d55d48943263dbbb1bc16) Importer(815301076,1909f56bfc062723c751e8b465ee728b)  -> (artifact id: '49b1717c6199bb6e3d7b491ddd592f9f') in 0.008550 seconds 
========================================================================
Received Import Request.
  Time since last request: 0.000329 seconds.
  path: Assets/Tiles/Terrain/_0014_Layer-15.asset
  artifactKey: Guid(7138f880e0551b44cbf96f5053d0c532) Importer(815301076,1909f56bfc062723c751e8b465ee728b)
Start importing Assets/Tiles/Terrain/_0014_Layer-15.asset using Guid(7138f880e0551b44cbf96f5053d0c532) Importer(815301076,1909f56bfc062723c751e8b465ee728b)  -> (artifact id: 'a8c4ad9fcbfd23906ca67d0a670b4c39') in 0.013653 seconds 
========================================================================
Received Import Request.
  Time since last request: 0.000214 seconds.
  path: Assets/Tiles/Terrain/_0003_Layer-5.asset
  artifactKey: Guid(7179408d021fa164b82bdecc91aa27fe) Importer(815301076,1909f56bfc062723c751e8b465ee728b)
Start importing Assets/Tiles/Terrain/_0003_Layer-5.asset using Guid(7179408d021fa164b82bdecc91aa27fe) Importer(815301076,1909f56bfc062723c751e8b465ee728b)  -> (artifact id: 'f9299bb648516d5ae0b35bc4dae18efe') in 0.007411 seconds 
========================================================================
Received Import Request.
  Time since last request: 0.000343 seconds.
  path: Assets/Tiles/Terrain/_0006_Layer-9.asset
  artifactKey: Guid(ff9a9b93c9d87c24c96b783f80c503f4) Importer(815301076,1909f56bfc062723c751e8b465ee728b)
Start importing Assets/Tiles/Terrain/_0006_Layer-9.asset using Guid(ff9a9b93c9d87c24c96b783f80c503f4) Importer(815301076,1909f56bfc062723c751e8b465ee728b)  -> (artifact id: '2179e7c049b6855bafc9fcb864df45e0') in 0.038524 seconds 
========================================================================
Received Import Request.
  Time since last request: 0.000266 seconds.
  path: Assets/Tiles/Terrain/_0002_Layer-5.asset
  artifactKey: Guid(5bcdb597587af814e97ba46300ab724c) Importer(815301076,1909f56bfc062723c751e8b465ee728b)
Start importing Assets/Tiles/Terrain/_0002_Layer-5.asset using Guid(5bcdb597587af814e97ba46300ab724c) Importer(815301076,1909f56bfc062723c751e8b465ee728b)  -> (artifact id: '6ce15abe8d6a2b745a95226ad1e6812d') in 0.009027 seconds 
========================================================================
Received Import Request.
  Time since last request: 0.000261 seconds.
  path: Assets/Tiles/Terrain/_0010_Layer-12.asset
  artifactKey: Guid(109d36f0ff4a38944b49ada3d229a932) Importer(815301076,1909f56bfc062723c751e8b465ee728b)
Start importing Assets/Tiles/Terrain/_0010_Layer-12.asset using Guid(109d36f0ff4a38944b49ada3d229a932) Importer(815301076,1909f56bfc062723c751e8b465ee728b)  -> (artifact id: '39b079ef90cb1bb36621cd2ca9fb0564') in 0.027975 seconds 
========================================================================
Received Import Request.
  Time since last request: 0.000194 seconds.
  path: Assets/Tiles/Terrain/_0008_Layer-9.asset
  artifactKey: Guid(5206537716329ea47928f5c6e5c849dc) Importer(815301076,1909f56bfc062723c751e8b465ee728b)
Start importing Assets/Tiles/Terrain/_0008_Layer-9.asset using Guid(5206537716329ea47928f5c6e5c849dc) Importer(815301076,1909f56bfc062723c751e8b465ee728b)  -> (artifact id: '959b22a01bcd70d9398bd070af54e820') in 0.013588 seconds 
========================================================================
Received Import Request.
  Time since last request: 0.000267 seconds.
  path: Assets/Tiles/Terrain/_0037_Layer-38.asset
  artifactKey: Guid(be78f776e379f974196b9690c342621a) Importer(815301076,1909f56bfc062723c751e8b465ee728b)
Start importing Assets/Tiles/Terrain/_0037_Layer-38.asset using Guid(be78f776e379f974196b9690c342621a) Importer(815301076,1909f56bfc062723c751e8b465ee728b)  -> (artifact id: 'c0d650b32449a2fb47db7c08b738083f') in 0.014014 seconds 
========================================================================
Received Import Request.
  Time since last request: 0.000211 seconds.
  path: Assets/Tiles/Terrain/_0021_Layer-23.asset
  artifactKey: Guid(9089d4a0000268a4bb28f8ee817ca5ef) Importer(815301076,1909f56bfc062723c751e8b465ee728b)
Start importing Assets/Tiles/Terrain/_0021_Layer-23.asset using Guid(9089d4a0000268a4bb28f8ee817ca5ef) Importer(815301076,1909f56bfc062723c751e8b465ee728b)  -> (artifact id: '9fdd26d7c3c13d2748b45c4176c491fe') in 0.012027 seconds 
========================================================================
Received Import Request.
  Time since last request: 0.913555 seconds.
  path: Assets/Sprites/Teren inclinat/_0000_Layer-1.png
  artifactKey: Guid(7c1e53e1c6c56454abf7d9369995bd78) Importer(815301076,1909f56bfc062723c751e8b465ee728b)
Start importing Assets/Sprites/Teren inclinat/_0000_Layer-1.png using Guid(7c1e53e1c6c56454abf7d9369995bd78) Importer(815301076,1909f56bfc062723c751e8b465ee728b)  -> (artifact id: 'a2b5388e245e08a66b5e468f0aa6fe6b') in 0.078406 seconds 
========================================================================
Received Import Request.
  Time since last request: 0.000277 seconds.
  path: Assets/Sprites/Teren inclinat/_0002_Layer-3.png
  artifactKey: Guid(d188ac4e47300b942a1a96a1401083f2) Importer(815301076,1909f56bfc062723c751e8b465ee728b)
Start importing Assets/Sprites/Teren inclinat/_0002_Layer-3.png using Guid(d188ac4e47300b942a1a96a1401083f2) Importer(815301076,1909f56bfc062723c751e8b465ee728b)  -> (artifact id: 'ce75287eae14aa72252489d5b4d46ae6') in 0.014925 seconds 
========================================================================
Received Import Request.
  Time since last request: 0.000189 seconds.
  path: Assets/Sprites/Teren inclinat/_0005_Layer-6.png
  artifactKey: Guid(321ab5d8d62278244906f0f0df8fb408) Importer(815301076,1909f56bfc062723c751e8b465ee728b)
Start importing Assets/Sprites/Teren inclinat/_0005_Layer-6.png using Guid(321ab5d8d62278244906f0f0df8fb408) Importer(815301076,1909f56bfc062723c751e8b465ee728b)  -> (artifact id: '5899d0a875c4bb4d5ec3f0515aec8004') in 0.012063 seconds 
========================================================================
Received Import Request.
  Time since last request: 0.000205 seconds.
  path: Assets/Sprites/Teren inclinat/_0001_Layer-2.png
  artifactKey: Guid(7e88fa7cfa30d2248802a436750a3957) Importer(815301076,1909f56bfc062723c751e8b465ee728b)
Start importing Assets/Sprites/Teren inclinat/_0001_Layer-2.png using Guid(7e88fa7cfa30d2248802a436750a3957) Importer(815301076,1909f56bfc062723c751e8b465ee728b)  -> (artifact id: 'd52d217f8a5f4e217354a97cc7d7bc05') in 0.013638 seconds 
========================================================================
Received Import Request.
  Time since last request: 0.000329 seconds.
  path: Assets/Sprites/Teren inclinat/Screenshot from 2020-11-23 11-05-04.png
  artifactKey: Guid(d2bf628e6bfd1ee46aca026face28f4b) Importer(815301076,1909f56bfc062723c751e8b465ee728b)
Start importing Assets/Sprites/Teren inclinat/Screenshot from 2020-11-23 11-05-04.png using Guid(d2bf628e6bfd1ee46aca026face28f4b) Importer(815301076,1909f56bfc062723c751e8b465ee728b)  -> (artifact id: '523cb967d2226843b400f3715a3fee45') in 0.022899 seconds 
========================================================================
Received Import Request.
  Time since last request: 0.000214 seconds.
  path: Assets/Sprites/Teren inclinat/_0006_Layer-7.png
  artifactKey: Guid(7912fec2293bc1a459d669922c2b9561) Importer(815301076,1909f56bfc062723c751e8b465ee728b)
Start importing Assets/Sprites/Teren inclinat/_0006_Layer-7.png using Guid(7912fec2293bc1a459d669922c2b9561) Importer(815301076,1909f56bfc062723c751e8b465ee728b)  -> (artifact id: 'd232acf45432b88dcf1b7f3b840374ef') in 0.012759 seconds 
========================================================================
Received Import Request.
  Time since last request: 0.000276 seconds.
  path: Assets/Sprites/Teren inclinat/_0004_Layer-5.png
  artifactKey: Guid(b95f8f5f7598ac842aea06c76ec8244b) Importer(815301076,1909f56bfc062723c751e8b465ee728b)
Start importing Assets/Sprites/Teren inclinat/_0004_Layer-5.png using Guid(b95f8f5f7598ac842aea06c76ec8244b) Importer(815301076,1909f56bfc062723c751e8b465ee728b)  -> (artifact id: '921bdf0d621a5f83936ef9b152277750') in 0.014036 seconds 
========================================================================
Received Import Request.
  Time since last request: 0.000304 seconds.
  path: Assets/Sprites/Teren inclinat/Screenshot from 2020-11-23 11-05-04 copy.png
  artifactKey: Guid(cfd98dddae3af2c45b0c48ef09c18c89) Importer(815301076,1909f56bfc062723c751e8b465ee728b)
Start importing Assets/Sprites/Teren inclinat/Screenshot from 2020-11-23 11-05-04 copy.png using Guid(cfd98dddae3af2c45b0c48ef09c18c89) Importer(815301076,1909f56bfc062723c751e8b465ee728b)  -> (artifact id: '3dca2276ba1e60c737f101ad7cfa760d') in 0.040200 seconds 
========================================================================
Received Import Request.
  Time since last request: 0.000193 seconds.
  path: Assets/Sprites/Teren inclinat/_0003_Layer-4.png
  artifactKey: Guid(5cbe976a1a567c940b66e5807a48430a) Importer(815301076,1909f56bfc062723c751e8b465ee728b)
Start importing Assets/Sprites/Teren inclinat/_0003_Layer-4.png using Guid(5cbe976a1a567c940b66e5807a48430a) Importer(815301076,1909f56bfc062723c751e8b465ee728b)  -> (artifact id: 'ddcfbab9c1b7e43768fc908f4d54ff9a') in 0.012272 seconds 
========================================================================
Received Import Request.
  Time since last request: 4.254803 seconds.
  path: Assets/Sprites/Colectibile
  artifactKey: Guid(cbf93bfe41bbbaf4e80e34b03815c8c4) Importer(815301076,1909f56bfc062723c751e8b465ee728b)
Start importing Assets/Sprites/Colectibile using Guid(cbf93bfe41bbbaf4e80e34b03815c8c4) Importer(815301076,1909f56bfc062723c751e8b465ee728b)  -> (artifact id: 'b7ad1fbd65ea1310f6a325cb57b5ff33') in 0.006330 seconds 
========================================================================
Received Import Request.
  Time since last request: 0.092752 seconds.
  path: Assets/Sprites/Colectibile/buton.png
  artifactKey: Guid(d42d0e70e8ce3a349834135712889856) Importer(815301076,1909f56bfc062723c751e8b465ee728b)
Start importing Assets/Sprites/Colectibile/buton.png using Guid(d42d0e70e8ce3a349834135712889856) Importer(815301076,1909f56bfc062723c751e8b465ee728b)  -> (artifact id: 'aa412026670048eeec0f4ac044a5cfee') in 0.033036 seconds 
========================================================================
Received Import Request.
  Time since last request: 0.000227 seconds.
  path: Assets/Sprites/Colectibile/Untitled-1.png
  artifactKey: Guid(d66942412562fb846b2aea2ba404459e) Importer(815301076,1909f56bfc062723c751e8b465ee728b)
Start importing Assets/Sprites/Colectibile/Untitled-1.png using Guid(d66942412562fb846b2aea2ba404459e) Importer(815301076,1909f56bfc062723c751e8b465ee728b)  -> (artifact id: 'f9a0a19c350588c540dab1cd0e613cc4') in 0.025242 seconds 
========================================================================
Received Import Request.
  Time since last request: 0.000199 seconds.
  path: Assets/Sprites/Colectibile/lever_04_02.png
  artifactKey: Guid(8044918c11f68c1489f0afd067b99111) Importer(815301076,1909f56bfc062723c751e8b465ee728b)
Start importing Assets/Sprites/Colectibile/lever_04_02.png using Guid(8044918c11f68c1489f0afd067b99111) Importer(815301076,1909f56bfc062723c751e8b465ee728b)  -> (artifact id: 'b27480c9e212e9317018b310df1d717b') in 0.021073 seconds 
========================================================================
Received Import Request.
  Time since last request: 0.000189 seconds.
  path: Assets/Sprites/Colectibile/usa1.png
  artifactKey: Guid(403737654d9de0a428d07e9d33393626) Importer(815301076,1909f56bfc062723c751e8b465ee728b)
Start importing Assets/Sprites/Colectibile/usa1.png using Guid(403737654d9de0a428d07e9d33393626) Importer(815301076,1909f56bfc062723c751e8b465ee728b)  -> (artifact id: 'd6782f5336f904ba85f3b0a52ff8c7b3') in 0.020156 seconds 
========================================================================
Received Import Request.
  Time since last request: 0.000228 seconds.
  path: Assets/Sprites/Colectibile/cheie_alba.png
  artifactKey: Guid(93c48c500e6a80b45b15b71f5348daed) Importer(815301076,1909f56bfc062723c751e8b465ee728b)
Start importing Assets/Sprites/Colectibile/cheie_alba.png using Guid(93c48c500e6a80b45b15b71f5348daed) Importer(815301076,1909f56bfc062723c751e8b465ee728b)  -> (artifact id: '63147ce6be87d094e4002a2812b0a39d') in 0.054086 seconds 
========================================================================
Received Import Request.
  Time since last request: 0.000222 seconds.
  path: Assets/Sprites/Colectibile/x-png-35395.png
  artifactKey: Guid(a84dbf984a5750d4690a655799658481) Importer(815301076,1909f56bfc062723c751e8b465ee728b)
Start importing Assets/Sprites/Colectibile/x-png-35395.png using Guid(a84dbf984a5750d4690a655799658481) Importer(815301076,1909f56bfc062723c751e8b465ee728b)  -> (artifact id: '3bfa5c2c5e19224d2a08d79b81ee8de9') in 0.023566 seconds 
========================================================================
Received Import Request.
  Time since last request: 0.000231 seconds.
  path: Assets/Sprites/Colectibile/lever_04_03.png
  artifactKey: Guid(2dc3a7a4e4da4124d8462de6cc0ec2b6) Importer(815301076,1909f56bfc062723c751e8b465ee728b)
Start importing Assets/Sprites/Colectibile/lever_04_03.png using Guid(2dc3a7a4e4da4124d8462de6cc0ec2b6) Importer(815301076,1909f56bfc062723c751e8b465ee728b)  -> (artifact id: 'f8ed50f0dd5ebc9f65b69b8bcc0163bf') in 0.037499 seconds 
========================================================================
Received Import Request.
  Time since last request: 0.000197 seconds.
  path: Assets/Sprites/Colectibile/cheie_verde.png
  artifactKey: Guid(91399efe062ef714bb684e9528aa6fb1) Importer(815301076,1909f56bfc062723c751e8b465ee728b)
Start importing Assets/Sprites/Colectibile/cheie_verde.png using Guid(91399efe062ef714bb684e9528aa6fb1) Importer(815301076,1909f56bfc062723c751e8b465ee728b)  -> (artifact id: '5642441eda81c3fa6ae436e694ebc751') in 0.021348 seconds 
========================================================================
Received Import Request.
  Time since last request: 0.000213 seconds.
  path: Assets/Sprites/Colectibile/Mar.png
  artifactKey: Guid(e4ae77166a38cb1469969c39f1495fc3) Importer(815301076,1909f56bfc062723c751e8b465ee728b)
Start importing Assets/Sprites/Colectibile/Mar.png using Guid(e4ae77166a38cb1469969c39f1495fc3) Importer(815301076,1909f56bfc062723c751e8b465ee728b)  -> (artifact id: '7ef77e3cc5147ddc484bb18018a5b8a3') in 0.034560 seconds 
========================================================================
Received Import Request.
  Time since last request: 0.000234 seconds.
  path: Assets/Sprites/Colectibile/green_key_lock.png
  artifactKey: Guid(0d72f4da0ce38964da4d3334f5204a6b) Importer(815301076,1909f56bfc062723c751e8b465ee728b)
Start importing Assets/Sprites/Colectibile/green_key_lock.png using Guid(0d72f4da0ce38964da4d3334f5204a6b) Importer(815301076,1909f56bfc062723c751e8b465ee728b)  -> (artifact id: '978ac36ec7de3f704a68776c64193032') in 0.047531 seconds 
========================================================================
Received Import Request.
  Time since last request: 0.000226 seconds.
  path: Assets/Sprites/Colectibile/buton.psd
  artifactKey: Guid(1dc89ff9364a144469939609f67bb874) Importer(815301076,1909f56bfc062723c751e8b465ee728b)
Start importing Assets/Sprites/Colectibile/buton.psd using Guid(1dc89ff9364a144469939609f67bb874) Importer(815301076,1909f56bfc062723c751e8b465ee728b)  -> (artifact id: 'b60a95d78deed19759d2c684dc52899a') in 0.024453 seconds 
========================================================================
Received Import Request.
  Time since last request: 0.000186 seconds.
  path: Assets/Sprites/Colectibile/cheie_alba.psd
  artifactKey: Guid(1c76dbd07bb4d0346a5d0e889afb63f7) Importer(815301076,1909f56bfc062723c751e8b465ee728b)
Start importing Assets/Sprites/Colectibile/cheie_alba.psd using Guid(1c76dbd07bb4d0346a5d0e889afb63f7) Importer(815301076,1909f56bfc062723c751e8b465ee728b)  -> (artifact id: '1c3192e1a2ee6fd9ba897dd641c9095b') in 0.044061 seconds 
========================================================================
Received Import Request.
  Time since last request: 0.000231 seconds.
  path: Assets/Sprites/Colectibile/Pork.png
  artifactKey: Guid(f56f0657d8a3019459c7dcba1bb93a70) Importer(815301076,1909f56bfc062723c751e8b465ee728b)
Start importing Assets/Sprites/Colectibile/Pork.png using Guid(f56f0657d8a3019459c7dcba1bb93a70) Importer(815301076,1909f56bfc062723c751e8b465ee728b)  -> (artifact id: '0b22803e5cba9016a9c95ee3e028908c') in 0.029622 seconds 
========================================================================
Received Import Request.
  Time since last request: 0.000278 seconds.
  path: Assets/Sprites/Colectibile/lever_04_01.png
  artifactKey: Guid(21498d9a2e6a14e4fb3f5001e31c157c) Importer(815301076,1909f56bfc062723c751e8b465ee728b)
Start importing Assets/Sprites/Colectibile/lever_04_01.png using Guid(21498d9a2e6a14e4fb3f5001e31c157c) Importer(815301076,1909f56bfc062723c751e8b465ee728b)  -> (artifact id: '8aec48cb7bb38977021d3e95eb1d5f41') in 0.026058 seconds 
========================================================================
Received Import Request.
  Time since last request: 0.000197 seconds.
  path: Assets/Sprites/Colectibile/usa3.png
  artifactKey: Guid(0c5316ed390bfe249b743a2bd944ef31) Importer(815301076,1909f56bfc062723c751e8b465ee728b)
Start importing Assets/Sprites/Colectibile/usa3.png using Guid(0c5316ed390bfe249b743a2bd944ef31) Importer(815301076,1909f56bfc062723c751e8b465ee728b)  -> (artifact id: 'c60e0d8c814c16af0bf0630ff28f0478') in 0.029240 seconds 
========================================================================
Received Import Request.
  Time since last request: 0.000271 seconds.
  path: Assets/Sprites/Colectibile/slot.png
  artifactKey: Guid(ae8aa02512517e14a865d0cfacc47eb8) Importer(815301076,1909f56bfc062723c751e8b465ee728b)
Start importing Assets/Sprites/Colectibile/slot.png using Guid(ae8aa02512517e14a865d0cfacc47eb8) Importer(815301076,1909f56bfc062723c751e8b465ee728b)  -> (artifact id: 'd8a10199ce8b2fc97a1a8c83bf44729d') in 0.017199 seconds 
========================================================================
Received Import Request.
  Time since last request: 0.000460 seconds.
  path: Assets/Sprites/Colectibile/syringe.png
  artifactKey: Guid(03edaa524b9b1a0468d86a2c42cfa324) Importer(815301076,1909f56bfc062723c751e8b465ee728b)
Start importing Assets/Sprites/Colectibile/syringe.png using Guid(03edaa524b9b1a0468d86a2c42cfa324) Importer(815301076,1909f56bfc062723c751e8b465ee728b)  -> (artifact id: 'e33895db03cec06ba361225ea53510ea') in 0.040023 seconds 
========================================================================
Received Import Request.
  Time since last request: 0.000205 seconds.
  path: Assets/Sprites/Colectibile/Ridiche.png
  artifactKey: Guid(f2b0970287c65a04b9b00399d680c78a) Importer(815301076,1909f56bfc062723c751e8b465ee728b)
Start importing Assets/Sprites/Colectibile/Ridiche.png using Guid(f2b0970287c65a04b9b00399d680c78a) Importer(815301076,1909f56bfc062723c751e8b465ee728b)  -> (artifact id: '63f22691cddf9ea839f335775fe3d4a0') in 0.019390 seconds 
========================================================================
Received Import Request.
  Time since last request: 0.000277 seconds.
  path: Assets/Sprites/Colectibile/silver_key_lock.png
  artifactKey: Guid(b63d76e2d26aa174e8e89341727be0c0) Importer(815301076,1909f56bfc062723c751e8b465ee728b)
Start importing Assets/Sprites/Colectibile/silver_key_lock.png using Guid(b63d76e2d26aa174e8e89341727be0c0) Importer(815301076,1909f56bfc062723c751e8b465ee728b)  -> (artifact id: '7e10684f556c8f52b357702b15fe1bb6') in 0.021569 seconds 
========================================================================
Received Import Request.
  Time since last request: 0.000186 seconds.
  path: Assets/Sprites/Colectibile/DNA.png
  artifactKey: Guid(0348d1f4979dbe64a9dcc1b5865538ef) Importer(815301076,1909f56bfc062723c751e8b465ee728b)
Start importing Assets/Sprites/Colectibile/DNA.png using Guid(0348d1f4979dbe64a9dcc1b5865538ef) Importer(815301076,1909f56bfc062723c751e8b465ee728b)  -> (artifact id: '2d14e82dbf67c0e54f6e1c8b7d3d44ab') in 0.023327 seconds 
========================================================================
Received Import Request.
  Time since last request: 0.000239 seconds.
  path: Assets/Sprites/Colectibile/Untitled-2.png
  artifactKey: Guid(1d5cacf827bf97b468fed92e0c75d7f0) Importer(815301076,1909f56bfc062723c751e8b465ee728b)
Start importing Assets/Sprites/Colectibile/Untitled-2.png using Guid(1d5cacf827bf97b468fed92e0c75d7f0) Importer(815301076,1909f56bfc062723c751e8b465ee728b)  -> (artifact id: '0e23844dd71c168502b3a960fb9e26c5') in 0.020228 seconds 
========================================================================
Received Import Request.
  Time since last request: 0.000212 seconds.
  path: Assets/Sprites/Colectibile/Pork piece.png
  artifactKey: Guid(f8da2f44301ce34489e356526d388616) Importer(815301076,1909f56bfc062723c751e8b465ee728b)
Start importing Assets/Sprites/Colectibile/Pork piece.png using Guid(f8da2f44301ce34489e356526d388616) Importer(815301076,1909f56bfc062723c751e8b465ee728b)  -> (artifact id: '7163e183117021f3b096164c4583b8c3') in 0.036943 seconds 
========================================================================
Received Import Request.
  Time since last request: 0.000206 seconds.
  path: Assets/Sprites/Colectibile/usa2.png
  artifactKey: Guid(281089afb9c8d884eabe55883c4c32f8) Importer(815301076,1909f56bfc062723c751e8b465ee728b)
Start importing Assets/Sprites/Colectibile/usa2.png using Guid(281089afb9c8d884eabe55883c4c32f8) Importer(815301076,1909f56bfc062723c751e8b465ee728b)  -> (artifact id: 'b2c5ed3f9a61e1045ae0e63c04822947') in 0.035626 seconds 
========================================================================
Received Import Request.
  Time since last request: 0.000264 seconds.
  path: Assets/Sprites/Colectibile/particule1.png
  artifactKey: Guid(fd48f610e09b1d04ebc55c993698c3fb) Importer(815301076,1909f56bfc062723c751e8b465ee728b)
Start importing Assets/Sprites/Colectibile/particule1.png using Guid(fd48f610e09b1d04ebc55c993698c3fb) Importer(815301076,1909f56bfc062723c751e8b465ee728b)  -> (artifact id: '8ab5adaa1670ad415258858507f03543') in 0.024434 seconds 
========================================================================
Received Import Request.
  Time since last request: 0.000227 seconds.
  path: Assets/Sprites/Colectibile/DNA Slot.png
  artifactKey: Guid(c2e6c3b9aec50c74bac2d9a3a66229db) Importer(815301076,1909f56bfc062723c751e8b465ee728b)
Start importing Assets/Sprites/Colectibile/DNA Slot.png using Guid(c2e6c3b9aec50c74bac2d9a3a66229db) Importer(815301076,1909f56bfc062723c751e8b465ee728b)  -> (artifact id: '662bf815e1f2563c2b468dc4c03647f5') in 0.018341 seconds 
========================================================================
Received Import Request.
  Time since last request: 0.000245 seconds.
  path: Assets/Sprites/Colectibile/chei.jpg
  artifactKey: Guid(f369d1a8453dd124fbd3c76673c6cf8c) Importer(815301076,1909f56bfc062723c751e8b465ee728b)
Start importing Assets/Sprites/Colectibile/chei.jpg using Guid(f369d1a8453dd124fbd3c76673c6cf8c) Importer(815301076,1909f56bfc062723c751e8b465ee728b)  -> (artifact id: 'b6f6b14876d86c8eb7d8a02bf58a0d4e') in 0.091156 seconds 
========================================================================
Received Import Request.
  Time since last request: 0.000243 seconds.
  path: Assets/Sprites/Colectibile/cheie_aurie.png
  artifactKey: Guid(8c2d3456d4f668a45aa58657bf8171ee) Importer(815301076,1909f56bfc062723c751e8b465ee728b)
Start importing Assets/Sprites/Colectibile/cheie_aurie.png using Guid(8c2d3456d4f668a45aa58657bf8171ee) Importer(815301076,1909f56bfc062723c751e8b465ee728b)  -> (artifact id: '7a31457a47db874f667d24e2d26caf04') in 0.018417 seconds 
========================================================================
Received Import Request.
  Time since last request: 0.000185 seconds.
  path: Assets/Sprites/Colectibile/golden_key_lock.png
  artifactKey: Guid(2064370fddef4574e977453726be098a) Importer(815301076,1909f56bfc062723c751e8b465ee728b)
Start importing Assets/Sprites/Colectibile/golden_key_lock.png using Guid(2064370fddef4574e977453726be098a) Importer(815301076,1909f56bfc062723c751e8b465ee728b)  -> (artifact id: '3ef87c44051602e65f0f3935aeabc3fc') in 0.018655 seconds 
========================================================================
Received Import Request.
  Time since last request: 5.651568 seconds.
  path: Assets/Sprites/Colectibile/SNES---The-Lost-Vikings---Enemies_0000_Layer-1.png
  artifactKey: Guid(74d050982282dad4187ec51542d5619e) Importer(815301076,1909f56bfc062723c751e8b465ee728b)
Start importing Assets/Sprites/Colectibile/SNES---The-Lost-Vikings---Enemies_0000_Layer-1.png using Guid(74d050982282dad4187ec51542d5619e) Importer(815301076,1909f56bfc062723c751e8b465ee728b)  -> (artifact id: 'f2e79625b69c776f842685271f6378e2') in 0.011737 seconds 
========================================================================
Received Import Request.
  Time since last request: 21.175979 seconds.
  path: Assets/Sprites/Colectibile/SNES---The-Lost-Vikings---Enemies_0000_Layer-1.png
  artifactKey: Guid(74d050982282dad4187ec51542d5619e) Importer(815301076,1909f56bfc062723c751e8b465ee728b)
Start importing Assets/Sprites/Colectibile/SNES---The-Lost-Vikings---Enemies_0000_Layer-1.png using Guid(74d050982282dad4187ec51542d5619e) Importer(815301076,1909f56bfc062723c751e8b465ee728b)  -> (artifact id: '32d4e40ac59870294eb888891e1204f6') in 0.012684 seconds 
========================================================================
Received Import Request.
  Time since last request: 23.971844 seconds.
  path: Assets/Sprites/Colectibile/SNES---The-Lost-Vikings---Enemies_0000_Layer-1.png
  artifactKey: Guid(74d050982282dad4187ec51542d5619e) Importer(815301076,1909f56bfc062723c751e8b465ee728b)
Start importing Assets/Sprites/Colectibile/SNES---The-Lost-Vikings---Enemies_0000_Layer-1.png using Guid(74d050982282dad4187ec51542d5619e) Importer(815301076,1909f56bfc062723c751e8b465ee728b)  -> (artifact id: 'eb1218aa5281b9f5ddb22694cdf1b819') in 0.030885 seconds 
========================================================================
Received Import Request.
  Time since last request: 137.007004 seconds.
  path: Assets/Scripts/PickUp.cs
  artifactKey: Guid(dd1be9774070bc245b2f47df96339aa9) Importer(815301076,1909f56bfc062723c751e8b465ee728b)
Start importing Assets/Scripts/PickUp.cs using Guid(dd1be9774070bc245b2f47df96339aa9) Importer(815301076,1909f56bfc062723c751e8b465ee728b)  -> (artifact id: 'bbdeb0af844652202733349fbc8e0c05') in 0.009745 seconds 
AssetImportWorkerClient::OnTransportError - code=2 error=End of file
